{"name":"Agregar articulos al carrito de compras","id":"realizar-compras-de-articulos;agregar-articulos-al-carrito-de-compras","testSteps":[{"number":1,"description":"Dado que un nuevo cliente accede hasta la web de compras","duration":8499,"startTime":"2020-11-26T20:45:36.254-05:00[America/Bogota]","screenshots":[{"screenshot":"6fde69d606500b583e4756fc295c38bc1cc7e850435b7d26b0e079fdf27ab6a7.png","timeStamp":1606441544753}],"result":"SUCCESS","precondition":false,"level":0,"children":[{"number":2,"description":"Global opens the Home page","duration":7981,"startTime":"2020-11-26T20:45:36.765-05:00[America/Bogota]","screenshots":[{"screenshot":"6fde69d606500b583e4756fc295c38bc1cc7e850435b7d26b0e079fdf27ab6a7.png","timeStamp":1606441544745}],"result":"SUCCESS","precondition":false,"level":1}]},{"number":3,"description":"Cuando el agrega 3 unidades de Blouse para Mujer al carro","duration":11241,"startTime":"2020-11-26T20:45:44.754-05:00[America/Bogota]","screenshots":[{"screenshot":"6fde69d606500b583e4756fc295c38bc1cc7e850435b7d26b0e079fdf27ab6a7.png","timeStamp":1606441544756}],"exception":{"errorType":"net.thucydides.core.webdriver.exceptions.ElementShouldBeEnabledException","message":"Expected enabled element was not enabled","stackTrace":[{"declaringClass":"tasks.AgregarProducto","methodName":"performAs","fileName":"AgregarProducto.java","lineNumber":20},{"declaringClass":"stepdefinitions.EjemploGlobalSteps","methodName":"elAgregaUnProductoAlCarro","fileName":"EjemploGlobalSteps.java","lineNumber":31},{"declaringClass":"cucumber.runner.Runner","methodName":"runPickle","fileName":"Runner.java","lineNumber":80}],"rootCause":{"errorType":"org.openqa.selenium.TimeoutException","message":"Expected condition failed: waiting for By.xpath: a.product_img_link \u003e img.replace-2x.img-responsive to be enabled (tried for 5 second(s) with 100 milliseconds interval)","stackTrace":[{"declaringClass":"tasks.AgregarProducto","methodName":"performAs","fileName":"AgregarProducto.java","lineNumber":20},{"declaringClass":"stepdefinitions.EjemploGlobalSteps","methodName":"elAgregaUnProductoAlCarro","fileName":"EjemploGlobalSteps.java","lineNumber":31},{"declaringClass":"cucumber.runner.Runner","methodName":"runPickle","fileName":"Runner.java","lineNumber":80}],"rootCause":{"errorType":"org.openqa.selenium.InvalidSelectorException","message":"invalid selector: Unable to locate an element with the xpath expression a.product_img_link \u003e img.replace-2x.img-responsive because of the following error:\nTypeError: Failed to execute \u0027evaluate\u0027 on \u0027Document\u0027: The result is not a node set, and therefore cannot be converted to the desired type.\n  (Session info: chrome\u003d87.0.4280.66)\nFor documentation on this error, please visit: https://www.seleniumhq.org/exceptions/invalid_selector_exception.html\nBuild info: version: \u00273.141.59\u0027, revision: \u0027e82be7d358\u0027, time: \u00272018-11-14T08:17:03\u0027\nSystem info: host: \u0027BIZLINKSPC-06\u0027, ip: \u0027192.168.1.4\u0027, os.name: \u0027Windows 8.1\u0027, os.arch: \u0027amd64\u0027, os.version: \u00276.3\u0027, java.version: \u00271.8.0_31\u0027\nDriver info: org.openqa.selenium.chrome.ChromeDriver\nCapabilities {acceptInsecureCerts: false, browserName: chrome, browserVersion: 87.0.4280.66, chrome: {chromedriverVersion: 87.0.4280.20 (c99e81631faa0..., userDataDir: C:\\Users\\kbarboza\\AppData\\L...}, goog:chromeOptions: {debuggerAddress: localhost:63430}, javascriptEnabled: true, networkConnectionEnabled: false, pageLoadStrategy: normal, platform: WINDOWS, platformName: WINDOWS, proxy: Proxy(), setWindowRect: true, strictFileInteractability: false, timeouts: {implicit: 0, pageLoad: 300000, script: 30000}, unhandledPromptBehavior: dismiss and notify, webauthn:virtualAuthenticators: true}\nSession ID: 68a2dbdd3caf80d664be74a0684a41d6\n*** Element info: {Using\u003dxpath, value\u003da.product_img_link \u003e img.replace-2x.img-responsive}","stackTrace":[{"declaringClass":"tasks.AgregarProducto","methodName":"performAs","fileName":"AgregarProducto.java","lineNumber":20},{"declaringClass":"stepdefinitions.EjemploGlobalSteps","methodName":"elAgregaUnProductoAlCarro","fileName":"EjemploGlobalSteps.java","lineNumber":31},{"declaringClass":"cucumber.runner.Runner","methodName":"runPickle","fileName":"Runner.java","lineNumber":80}]}}},"result":"FAILURE","precondition":false,"level":0,"children":[{"number":4,"description":"Global buscar producto","duration":5679,"startTime":"2020-11-26T20:45:44.773-05:00[America/Bogota]","screenshots":[{"screenshot":"126d44069b20af620444f2a297a597277619c481a360110188c837a13137fa6f.png","timeStamp":1606441550452}],"result":"SUCCESS","precondition":false,"level":1,"children":[{"number":5,"description":"Global enters \u0027Blouse\u0027 into Input donde se va realizar la busqueda","duration":1173,"startTime":"2020-11-26T20:45:44.799-05:00[America/Bogota]","screenshots":[{"screenshot":"8901eae24b56c9a3c131af6828333bebd0fc99d989c901d2c95ba57b75e10340.png","timeStamp":1606441545972}],"result":"SUCCESS","precondition":false,"level":2},{"number":6,"description":"Global types \u0027ENTER\u0027 in Input donde se va realizar la busqueda","duration":2145,"startTime":"2020-11-26T20:45:45.987-05:00[America/Bogota]","screenshots":[{"screenshot":"8901eae24b56c9a3c131af6828333bebd0fc99d989c901d2c95ba57b75e10340.png","timeStamp":1606441545987},{"screenshot":"b69e35b5ae8207984042e4f1781f1d0f9a3bfa4c69a9751554175e3e82f30d07.png","timeStamp":1606441548131}],"result":"SUCCESS","precondition":false,"level":2},{"number":7,"description":"Global clicks on Link objeto encontrado","duration":2316,"startTime":"2020-11-26T20:45:48.134-05:00[America/Bogota]","screenshots":[{"screenshot":"b69e35b5ae8207984042e4f1781f1d0f9a3bfa4c69a9751554175e3e82f30d07.png","timeStamp":1606441548136},{"screenshot":"126d44069b20af620444f2a297a597277619c481a360110188c837a13137fa6f.png","timeStamp":1606441550450}],"result":"SUCCESS","precondition":false,"level":2}]},{"number":8,"description":"Global agregar producto","duration":5542,"startTime":"2020-11-26T20:45:50.453-05:00[America/Bogota]","screenshots":[{"screenshot":"126d44069b20af620444f2a297a597277619c481a360110188c837a13137fa6f.png","timeStamp":1606441550454}],"exception":{"errorType":"net.thucydides.core.webdriver.exceptions.ElementShouldBeEnabledException","message":"Expected enabled element was not enabled","stackTrace":[{"declaringClass":"tasks.AgregarProducto","methodName":"performAs","fileName":"AgregarProducto.java","lineNumber":20},{"declaringClass":"stepdefinitions.EjemploGlobalSteps","methodName":"elAgregaUnProductoAlCarro","fileName":"EjemploGlobalSteps.java","lineNumber":31},{"declaringClass":"cucumber.runner.Runner","methodName":"runPickle","fileName":"Runner.java","lineNumber":80}],"rootCause":{"errorType":"org.openqa.selenium.TimeoutException","message":"Expected condition failed: waiting for By.xpath: a.product_img_link \u003e img.replace-2x.img-responsive to be enabled (tried for 5 second(s) with 100 milliseconds interval)","stackTrace":[{"declaringClass":"tasks.AgregarProducto","methodName":"performAs","fileName":"AgregarProducto.java","lineNumber":20},{"declaringClass":"stepdefinitions.EjemploGlobalSteps","methodName":"elAgregaUnProductoAlCarro","fileName":"EjemploGlobalSteps.java","lineNumber":31},{"declaringClass":"cucumber.runner.Runner","methodName":"runPickle","fileName":"Runner.java","lineNumber":80}],"rootCause":{"errorType":"org.openqa.selenium.InvalidSelectorException","message":"invalid selector: Unable to locate an element with the xpath expression a.product_img_link \u003e img.replace-2x.img-responsive because of the following error:\nTypeError: Failed to execute \u0027evaluate\u0027 on \u0027Document\u0027: The result is not a node set, and therefore cannot be converted to the desired type.\n  (Session info: chrome\u003d87.0.4280.66)\nFor documentation on this error, please visit: https://www.seleniumhq.org/exceptions/invalid_selector_exception.html\nBuild info: version: \u00273.141.59\u0027, revision: \u0027e82be7d358\u0027, time: \u00272018-11-14T08:17:03\u0027\nSystem info: host: \u0027BIZLINKSPC-06\u0027, ip: \u0027192.168.1.4\u0027, os.name: \u0027Windows 8.1\u0027, os.arch: \u0027amd64\u0027, os.version: \u00276.3\u0027, java.version: \u00271.8.0_31\u0027\nDriver info: org.openqa.selenium.chrome.ChromeDriver\nCapabilities {acceptInsecureCerts: false, browserName: chrome, browserVersion: 87.0.4280.66, chrome: {chromedriverVersion: 87.0.4280.20 (c99e81631faa0..., userDataDir: C:\\Users\\kbarboza\\AppData\\L...}, goog:chromeOptions: {debuggerAddress: localhost:63430}, javascriptEnabled: true, networkConnectionEnabled: false, pageLoadStrategy: normal, platform: WINDOWS, platformName: WINDOWS, proxy: Proxy(), setWindowRect: true, strictFileInteractability: false, timeouts: {implicit: 0, pageLoad: 300000, script: 30000}, unhandledPromptBehavior: dismiss and notify, webauthn:virtualAuthenticators: true}\nSession ID: 68a2dbdd3caf80d664be74a0684a41d6\n*** Element info: {Using\u003dxpath, value\u003da.product_img_link \u003e img.replace-2x.img-responsive}","stackTrace":[{"declaringClass":"tasks.AgregarProducto","methodName":"performAs","fileName":"AgregarProducto.java","lineNumber":20},{"declaringClass":"stepdefinitions.EjemploGlobalSteps","methodName":"elAgregaUnProductoAlCarro","fileName":"EjemploGlobalSteps.java","lineNumber":31},{"declaringClass":"cucumber.runner.Runner","methodName":"runPickle","fileName":"Runner.java","lineNumber":80}]}}},"result":"FAILURE","precondition":false,"level":1,"children":[{"number":9,"description":"Global clicks on Caracteristicas del articulo","duration":5526,"startTime":"2020-11-26T20:45:50.469-05:00[America/Bogota]","screenshots":[{"screenshot":"126d44069b20af620444f2a297a597277619c481a360110188c837a13137fa6f.png","timeStamp":1606441550471},{"screenshot":"126d44069b20af620444f2a297a597277619c481a360110188c837a13137fa6f.png","htmlSource":"pagesource6618456104352663483.html.txt","timeStamp":1606441555995}],"exception":{"errorType":"net.thucydides.core.webdriver.exceptions.ElementShouldBeEnabledException","message":"Expected enabled element was not enabled","stackTrace":[{"declaringClass":"tasks.AgregarProducto","methodName":"performAs","fileName":"AgregarProducto.java","lineNumber":20},{"declaringClass":"stepdefinitions.EjemploGlobalSteps","methodName":"elAgregaUnProductoAlCarro","fileName":"EjemploGlobalSteps.java","lineNumber":31},{"declaringClass":"cucumber.runner.Runner","methodName":"runPickle","fileName":"Runner.java","lineNumber":80}],"rootCause":{"errorType":"org.openqa.selenium.TimeoutException","message":"Expected condition failed: waiting for By.xpath: a.product_img_link \u003e img.replace-2x.img-responsive to be enabled (tried for 5 second(s) with 100 milliseconds interval)","stackTrace":[{"declaringClass":"tasks.AgregarProducto","methodName":"performAs","fileName":"AgregarProducto.java","lineNumber":20},{"declaringClass":"stepdefinitions.EjemploGlobalSteps","methodName":"elAgregaUnProductoAlCarro","fileName":"EjemploGlobalSteps.java","lineNumber":31},{"declaringClass":"cucumber.runner.Runner","methodName":"runPickle","fileName":"Runner.java","lineNumber":80}],"rootCause":{"errorType":"org.openqa.selenium.InvalidSelectorException","message":"invalid selector: Unable to locate an element with the xpath expression a.product_img_link \u003e img.replace-2x.img-responsive because of the following error:\nTypeError: Failed to execute \u0027evaluate\u0027 on \u0027Document\u0027: The result is not a node set, and therefore cannot be converted to the desired type.\n  (Session info: chrome\u003d87.0.4280.66)\nFor documentation on this error, please visit: https://www.seleniumhq.org/exceptions/invalid_selector_exception.html\nBuild info: version: \u00273.141.59\u0027, revision: \u0027e82be7d358\u0027, time: \u00272018-11-14T08:17:03\u0027\nSystem info: host: \u0027BIZLINKSPC-06\u0027, ip: \u0027192.168.1.4\u0027, os.name: \u0027Windows 8.1\u0027, os.arch: \u0027amd64\u0027, os.version: \u00276.3\u0027, java.version: \u00271.8.0_31\u0027\nDriver info: org.openqa.selenium.chrome.ChromeDriver\nCapabilities {acceptInsecureCerts: false, browserName: chrome, browserVersion: 87.0.4280.66, chrome: {chromedriverVersion: 87.0.4280.20 (c99e81631faa0..., userDataDir: C:\\Users\\kbarboza\\AppData\\L...}, goog:chromeOptions: {debuggerAddress: localhost:63430}, javascriptEnabled: true, networkConnectionEnabled: false, pageLoadStrategy: normal, platform: WINDOWS, platformName: WINDOWS, proxy: Proxy(), setWindowRect: true, strictFileInteractability: false, timeouts: {implicit: 0, pageLoad: 300000, script: 30000}, unhandledPromptBehavior: dismiss and notify, webauthn:virtualAuthenticators: true}\nSession ID: 68a2dbdd3caf80d664be74a0684a41d6\n*** Element info: {Using\u003dxpath, value\u003da.product_img_link \u003e img.replace-2x.img-responsive}","stackTrace":[{"declaringClass":"tasks.AgregarProducto","methodName":"performAs","fileName":"AgregarProducto.java","lineNumber":20},{"declaringClass":"stepdefinitions.EjemploGlobalSteps","methodName":"elAgregaUnProductoAlCarro","fileName":"EjemploGlobalSteps.java","lineNumber":31},{"declaringClass":"cucumber.runner.Runner","methodName":"runPickle","fileName":"Runner.java","lineNumber":80}]}}},"result":"FAILURE","precondition":false,"level":2}]}]},{"number":10,"description":"Entonces el ve los productos listados en el carro de compras","duration":0,"startTime":"2020-11-26T20:45:56.011-05:00[America/Bogota]","result":"SKIPPED","precondition":false,"level":0}],"userStory":{"id":"realizar-compras-de-articulos","storyName":"Realizar compras de articulos","path":"src/test/resources/features/EjemploGlobal.feature","narrative":"  Como un nuevo cliente\n  Quiero ingresar a la pagina http://automationpractice.com/index.php\n  Para realizar una compra de una prenda","type":"feature"},"featureTag":{"name":"Features/Realizar compras de articulos","type":"feature","displayName":"Features/Realizar compras de articulos"},"title":"Agregar articulos al carrito de compras","tags":[{"name":"Realizar compras de articulos","type":"feature","displayName":"Realizar compras de articulos"},{"name":"EscenarioSinEjemplos","type":"tag","displayName":"EscenarioSinEjemplos"}],"startTime":"2020-11-26T20:45:36.132-05:00[America/Bogota]","duration":19879,"testFailureCause":{"errorType":"net.thucydides.core.webdriver.exceptions.ElementShouldBeEnabledException","message":"Expected enabled element was not enabled","stackTrace":[{"declaringClass":"tasks.AgregarProducto","methodName":"performAs","fileName":"AgregarProducto.java","lineNumber":20},{"declaringClass":"stepdefinitions.EjemploGlobalSteps","methodName":"elAgregaUnProductoAlCarro","fileName":"EjemploGlobalSteps.java","lineNumber":31},{"declaringClass":"cucumber.runner.Runner","methodName":"runPickle","fileName":"Runner.java","lineNumber":80}],"rootCause":{"errorType":"org.openqa.selenium.TimeoutException","message":"Expected condition failed: waiting for By.xpath: a.product_img_link \u003e img.replace-2x.img-responsive to be enabled (tried for 5 second(s) with 100 milliseconds interval)","stackTrace":[{"declaringClass":"tasks.AgregarProducto","methodName":"performAs","fileName":"AgregarProducto.java","lineNumber":20},{"declaringClass":"stepdefinitions.EjemploGlobalSteps","methodName":"elAgregaUnProductoAlCarro","fileName":"EjemploGlobalSteps.java","lineNumber":31},{"declaringClass":"cucumber.runner.Runner","methodName":"runPickle","fileName":"Runner.java","lineNumber":80}],"rootCause":{"errorType":"org.openqa.selenium.InvalidSelectorException","message":"invalid selector: Unable to locate an element with the xpath expression a.product_img_link \u003e img.replace-2x.img-responsive because of the following error:\nTypeError: Failed to execute \u0027evaluate\u0027 on \u0027Document\u0027: The result is not a node set, and therefore cannot be converted to the desired type.\n  (Session info: chrome\u003d87.0.4280.66)\nFor documentation on this error, please visit: https://www.seleniumhq.org/exceptions/invalid_selector_exception.html\nBuild info: version: \u00273.141.59\u0027, revision: \u0027e82be7d358\u0027, time: \u00272018-11-14T08:17:03\u0027\nSystem info: host: \u0027BIZLINKSPC-06\u0027, ip: \u0027192.168.1.4\u0027, os.name: \u0027Windows 8.1\u0027, os.arch: \u0027amd64\u0027, os.version: \u00276.3\u0027, java.version: \u00271.8.0_31\u0027\nDriver info: org.openqa.selenium.chrome.ChromeDriver\nCapabilities {acceptInsecureCerts: false, browserName: chrome, browserVersion: 87.0.4280.66, chrome: {chromedriverVersion: 87.0.4280.20 (c99e81631faa0..., userDataDir: C:\\Users\\kbarboza\\AppData\\L...}, goog:chromeOptions: {debuggerAddress: localhost:63430}, javascriptEnabled: true, networkConnectionEnabled: false, pageLoadStrategy: normal, platform: WINDOWS, platformName: WINDOWS, proxy: Proxy(), setWindowRect: true, strictFileInteractability: false, timeouts: {implicit: 0, pageLoad: 300000, script: 30000}, unhandledPromptBehavior: dismiss and notify, webauthn:virtualAuthenticators: true}\nSession ID: 68a2dbdd3caf80d664be74a0684a41d6\n*** Element info: {Using\u003dxpath, value\u003da.product_img_link \u003e img.replace-2x.img-responsive}","stackTrace":[{"declaringClass":"tasks.AgregarProducto","methodName":"performAs","fileName":"AgregarProducto.java","lineNumber":20},{"declaringClass":"stepdefinitions.EjemploGlobalSteps","methodName":"elAgregaUnProductoAlCarro","fileName":"EjemploGlobalSteps.java","lineNumber":31},{"declaringClass":"cucumber.runner.Runner","methodName":"runPickle","fileName":"Runner.java","lineNumber":80}]}}},"testFailureClassname":"net.thucydides.core.webdriver.exceptions.ElementShouldBeEnabledException","testFailureMessage":"Expected enabled element was not enabled","testFailureSummary":"FAILURE;net.thucydides.core.webdriver.exceptions.ElementShouldBeEnabledException;Expected enabled element was not enabled;AgregarProducto.java","projectKey":"","annotatedResult":"FAILURE","sessionId":"68a2dbdd3caf80d664be74a0684a41d6","driver":"chrome","isManualTestingUpToDate":false,"manual":false,"testSource":"Cucumber","actors":[{"name":"Global","can":["browse the web"]}],"result":"FAILURE"}